<?xml version="1.0" encoding="UTF-8"?>
<testsuite xmlns:xsi="http://www.w3.org/2001/XMLSchema-instance" xsi:noNamespaceSchemaLocation="https://maven.apache.org/surefire/maven-surefire-plugin/xsd/surefire-test-report.xsd" name="sg.edu.nus.comp.cs4218.impl.app.WcApplicationTest" time="0.02" tests="14" errors="1" skipped="1" failures="2">
  <properties>
[...]
</properties>
  <testcase name="countFromStdin_noFlags_showLinesWordsBytes" classname="sg.edu.nus.comp.cs4218.impl.app.WcApplicationTest" time="0.005"/>
  <testcase name="countFromFiles_noFlags_showLinesWordsBytes" classname="sg.edu.nus.comp.cs4218.impl.app.WcApplicationTest" time="0"/>
  <testcase name="countFromFiles_twoFlags_showFlagsInSequence" classname="sg.edu.nus.comp.cs4218.impl.app.WcApplicationTest" time="0.001"/>
  <testcase name="countFromFiles_fileDoesNotExist_ThrowException" classname="sg.edu.nus.comp.cs4218.impl.app.WcApplicationTest" time="0.002">
    <failure message="Expected sg.edu.nus.comp.cs4218.exception.WcException to be thrown, but nothing was thrown." type="org.opentest4j.AssertionFailedError">org.opentest4j.AssertionFailedError: Expected sg.edu.nus.comp.cs4218.exception.WcException to be thrown, but nothing was thrown.
	at sg.edu.nus.comp.cs4218.impl.app.WcApplicationTest.countFromFiles_fileDoesNotExist_ThrowException(WcApplicationTest.java:125)
</failure>
  </testcase>
  <testcase name="run" classname="sg.edu.nus.comp.cs4218.impl.app.WcApplicationTest" time="0.001"/>
  <testcase name="countFromStdin_nullInput_ThrowException" classname="sg.edu.nus.comp.cs4218.impl.app.WcApplicationTest" time="0"/>
  <testcase name="countFromFileAndStdin" classname="sg.edu.nus.comp.cs4218.impl.app.WcApplicationTest" time="0">
    <skipped message="void sg.edu.nus.comp.cs4218.impl.app.WcApplicationTest.countFromFileAndStdin() is @Disabled"/>
  </testcase>
  <testcase name="countFromFiles_nullFileName_ThrowException" classname="sg.edu.nus.comp.cs4218.impl.app.WcApplicationTest" time="0"/>
  <testcase name="getCountReport_inputPresent_countArray" classname="sg.edu.nus.comp.cs4218.impl.app.WcApplicationTest" time="0.001"/>
  <testcase name="getCountReport_inputNull_throwException" classname="sg.edu.nus.comp.cs4218.impl.app.WcApplicationTest" time="0"/>
  <testcase name="countFromFiles_fileNoReadPermission_ThrowException" classname="sg.edu.nus.comp.cs4218.impl.app.WcApplicationTest" time="0.001">
    <error message="wc: fileWithNoReadPermissions.txt" type="sg.edu.nus.comp.cs4218.exception.WcException">sg.edu.nus.comp.cs4218.exception.WcException: wc: fileWithNoReadPermissions.txt
	at sg.edu.nus.comp.cs4218.impl.app.WcApplicationTest.countFromFiles_fileNoReadPermission_ThrowException(WcApplicationTest.java:154)
</error>
  </testcase>
  <testcase name="getCountReport_inputPresentButEmpty_countArrayWithZeroValues" classname="sg.edu.nus.comp.cs4218.impl.app.WcApplicationTest" time="0"/>
  <testcase name="countFromStdin_twoFlags_showFlagsInSequence" classname="sg.edu.nus.comp.cs4218.impl.app.WcApplicationTest" time="0.001"/>
  <testcase name="countFromFiles_fileNameIsDirectory_ThrowException" classname="sg.edu.nus.comp.cs4218.impl.app.WcApplicationTest" time="0">
    <failure message="Expected sg.edu.nus.comp.cs4218.exception.WcException to be thrown, but nothing was thrown." type="org.opentest4j.AssertionFailedError">org.opentest4j.AssertionFailedError: Expected sg.edu.nus.comp.cs4218.exception.WcException to be thrown, but nothing was thrown.
	at sg.edu.nus.comp.cs4218.impl.app.WcApplicationTest.countFromFiles_fileNameIsDirectory_ThrowException(WcApplicationTest.java:136)
</failure>
  </testcase>
</testsuite>