<?xml version="1.0" encoding="UTF-8"?>
<testsuite xmlns:xsi="http://www.w3.org/2001/XMLSchema-instance" xsi:noNamespaceSchemaLocation="https://maven.apache.org/surefire/maven-surefire-plugin/xsd/surefire-test-report.xsd" name="sg.edu.nus.comp.cs4218.impl.app.WcApplicationTest" time="0.02" tests="20" errors="0" skipped="0" failures="0">
  <properties>
[...]
</properties>
  <testcase name="run_fileNameGivenWithArgsSeparate_countFromFileWithFlagsInSequence" classname="sg.edu.nus.comp.cs4218.impl.app.WcApplicationTest" time="0.005"/>
  <testcase name="run_noArgsGiven_countFromStdin" classname="sg.edu.nus.comp.cs4218.impl.app.WcApplicationTest" time="0"/>
  <testcase name="countFromFiles_multipleFileNamesNoFlags_showLinesWordsBytesAndTotalSeperatedByTab" classname="sg.edu.nus.comp.cs4218.impl.app.WcApplicationTest" time="0"/>
  <testcase name="countFromFiles_fileDoesNotExist_ThrowException" classname="sg.edu.nus.comp.cs4218.impl.app.WcApplicationTest" time="0.001"/>
  <testcase name="countFromStdin_noFlags_showLinesWordsBytesSeperatedByTab" classname="sg.edu.nus.comp.cs4218.impl.app.WcApplicationTest" time="0"/>
  <testcase name="countFromStdin_nullInput_ThrowException" classname="sg.edu.nus.comp.cs4218.impl.app.WcApplicationTest" time="0.001"/>
  <testcase name="countFromFiles_nullFileName_ThrowException" classname="sg.edu.nus.comp.cs4218.impl.app.WcApplicationTest" time="0"/>
  <testcase name="getCountReport_inputPresent_countArray" classname="sg.edu.nus.comp.cs4218.impl.app.WcApplicationTest" time="0.001"/>
  <testcase name="countFromStdin_twoFlags_showFlagsInSequenceSeperatedByTab" classname="sg.edu.nus.comp.cs4218.impl.app.WcApplicationTest" time="0"/>
  <testcase name="countFromFiles_xmlFileNoFlags_showLinesWordsBytesSeperatedByTab" classname="sg.edu.nus.comp.cs4218.impl.app.WcApplicationTest" time="0.003"/>
  <testcase name="countFromFiles_noFlags_showLinesWordsBytesSeperatedByTab" classname="sg.edu.nus.comp.cs4218.impl.app.WcApplicationTest" time="0"/>
  <testcase name="getCountReport_inputNull_throwException" classname="sg.edu.nus.comp.cs4218.impl.app.WcApplicationTest" time="0"/>
  <testcase name="run_multipleFileNamesGiven_countFromFilesWithTotal" classname="sg.edu.nus.comp.cs4218.impl.app.WcApplicationTest" time="0"/>
  <testcase name="countFromFiles_fileNoReadPermission_ThrowException" classname="sg.edu.nus.comp.cs4218.impl.app.WcApplicationTest" time="0.001"/>
  <testcase name="getCountReport_inputPresentButEmpty_countArrayWithZeroValues" classname="sg.edu.nus.comp.cs4218.impl.app.WcApplicationTest" time="0"/>
  <testcase name="countFromFiles_twoFlags_showFlagsInSequenceSeperatedByTab" classname="sg.edu.nus.comp.cs4218.impl.app.WcApplicationTest" time="0"/>
  <testcase name="run_fileNameGivenWithArgsTogether_countFromFileWithFlagsInSequence" classname="sg.edu.nus.comp.cs4218.impl.app.WcApplicationTest" time="0"/>
  <testcase name="countFromFiles_fileNameIsDirectory_ThrowException" classname="sg.edu.nus.comp.cs4218.impl.app.WcApplicationTest" time="0"/>
  <testcase name="countFromFiles_multipleFileNamesTwoFlags_showFlagsInSequenceAndTotalSeperatedByTab" classname="sg.edu.nus.comp.cs4218.impl.app.WcApplicationTest" time="0"/>
  <testcase name="countFromFiles_jsonFileNoFlags_showLinesWordsBytesSeperatedByTab" classname="sg.edu.nus.comp.cs4218.impl.app.WcApplicationTest" time="0.001"/>
</testsuite>