<?xml version="1.0" encoding="UTF-8"?>
<testsuite xmlns:xsi="http://www.w3.org/2001/XMLSchema-instance" xsi:noNamespaceSchemaLocation="https://maven.apache.org/surefire/maven-surefire-plugin/xsd/surefire-test-report.xsd" name="sg.edu.nus.comp.cs4218.impl.parser.WcArgsParserTest" time="0" tests="9" errors="0" skipped="0" failures="0">
  <properties>
[...]
</properties>
  <testcase name="isLineCount_flagAbsent_False" classname="sg.edu.nus.comp.cs4218.impl.parser.WcArgsParserTest" time="0"/>
  <testcase name="isByteCount_flagAbsent_False" classname="sg.edu.nus.comp.cs4218.impl.parser.WcArgsParserTest" time="0"/>
  <testcase name="getFileNames_FileNamesInArgs_fileNames" classname="sg.edu.nus.comp.cs4218.impl.parser.WcArgsParserTest" time="0"/>
  <testcase name="parse_threeFlagsGivenTogether_threeFlagsPresent" classname="sg.edu.nus.comp.cs4218.impl.parser.WcArgsParserTest" time="0"/>
  <testcase name="isWordCount_flagPresent_True" classname="sg.edu.nus.comp.cs4218.impl.parser.WcArgsParserTest" time="0"/>
  <testcase name="getFileNames_FileNamesNotInArgs_emptyList" classname="sg.edu.nus.comp.cs4218.impl.parser.WcArgsParserTest" time="0"/>
  <testcase name="isLineCount_flagPresent_True" classname="sg.edu.nus.comp.cs4218.impl.parser.WcArgsParserTest" time="0"/>
  <testcase name="isWordCount_flagAbsent_False" classname="sg.edu.nus.comp.cs4218.impl.parser.WcArgsParserTest" time="0"/>
  <testcase name="isByteCount_flagPresent_True" classname="sg.edu.nus.comp.cs4218.impl.parser.WcArgsParserTest" time="0"/>
</testsuite>