<?xml version="1.0" encoding="UTF-8"?>
<testsuite xmlns:xsi="http://www.w3.org/2001/XMLSchema-instance" xsi:noNamespaceSchemaLocation="https://maven.apache.org/surefire/maven-surefire-plugin/xsd/surefire-test-report.xsd" name="sg.edu.nus.comp.cs4218.impl.app.WcApplicationTest" time="0.02" tests="14" errors="1" skipped="1" failures="2">
  <properties>
    <property name="java.specification.version" value="17"/>
    <property name="sun.jnu.encoding" value="UTF-8"/>
    <property name="java.class.path" value="/Users/yongler/IdeaProjects/cs4218-project-2024-team04/target/test-classes:/Users/yongler/IdeaProjects/cs4218-project-2024-team04/target/classes:/Users/yongler/.m2/repository/org/junit/jupiter/junit-jupiter-engine/5.9.1/junit-jupiter-engine-5.9.1.jar:/Users/yongler/.m2/repository/org/junit/platform/junit-platform-engine/1.9.1/junit-platform-engine-1.9.1.jar:/Users/yongler/.m2/repository/org/opentest4j/opentest4j/1.2.0/opentest4j-1.2.0.jar:/Users/yongler/.m2/repository/org/junit/platform/junit-platform-commons/1.9.1/junit-platform-commons-1.9.1.jar:/Users/yongler/.m2/repository/org/junit/jupiter/junit-jupiter-api/5.9.1/junit-jupiter-api-5.9.1.jar:/Users/yongler/.m2/repository/org/apiguardian/apiguardian-api/1.1.2/apiguardian-api-1.1.2.jar:"/>
    <property name="java.vm.vendor" value="Oracle Corporation"/>
    <property name="sun.arch.data.model" value="64"/>
    <property name="java.vendor.url" value="https://java.oracle.com/"/>
    <property name="os.name" value="Mac OS X"/>
    <property name="java.vm.specification.version" value="17"/>
    <property name="sun.java.launcher" value="SUN_STANDARD"/>
    <property name="user.country" value="US"/>
    <property name="sun.boot.library.path" value="/Library/Java/JavaVirtualMachines/jdk-17.jdk/Contents/Home/lib"/>
    <property name="sun.java.command" value="/Users/yongler/IdeaProjects/cs4218-project-2024-team04/target/surefire/surefirebooter2711649339849071875.jar /Users/yongler/IdeaProjects/cs4218-project-2024-team04/target/surefire 2024-02-23T23-31-19_759-jvmRun1 surefire13050156028314338937tmp surefire_018394597298834459139tmp"/>
    <property name="http.nonProxyHosts" value="local|*.local|169.254/16|*.169.254/16"/>
    <property name="jdk.debug" value="release"/>
    <property name="surefire.test.class.path" value="/Users/yongler/IdeaProjects/cs4218-project-2024-team04/target/test-classes:/Users/yongler/IdeaProjects/cs4218-project-2024-team04/target/classes:/Users/yongler/.m2/repository/org/junit/jupiter/junit-jupiter-engine/5.9.1/junit-jupiter-engine-5.9.1.jar:/Users/yongler/.m2/repository/org/junit/platform/junit-platform-engine/1.9.1/junit-platform-engine-1.9.1.jar:/Users/yongler/.m2/repository/org/opentest4j/opentest4j/1.2.0/opentest4j-1.2.0.jar:/Users/yongler/.m2/repository/org/junit/platform/junit-platform-commons/1.9.1/junit-platform-commons-1.9.1.jar:/Users/yongler/.m2/repository/org/junit/jupiter/junit-jupiter-api/5.9.1/junit-jupiter-api-5.9.1.jar:/Users/yongler/.m2/repository/org/apiguardian/apiguardian-api/1.1.2/apiguardian-api-1.1.2.jar:"/>
    <property name="sun.cpu.endian" value="little"/>
    <property name="user.home" value="/Users/yongler"/>
    <property name="user.language" value="en"/>
    <property name="java.specification.vendor" value="Oracle Corporation"/>
    <property name="java.version.date" value="2024-01-16"/>
    <property name="java.home" value="/Library/Java/JavaVirtualMachines/jdk-17.jdk/Contents/Home"/>
    <property name="file.separator" value="/"/>
    <property name="basedir" value="/Users/yongler/IdeaProjects/cs4218-project-2024-team04"/>
    <property name="java.vm.compressedOopsMode" value="Zero based"/>
    <property name="line.separator" value="&#10;"/>
    <property name="java.specification.name" value="Java Platform API Specification"/>
    <property name="java.vm.specification.vendor" value="Oracle Corporation"/>
    <property name="surefire.real.class.path" value="/Users/yongler/IdeaProjects/cs4218-project-2024-team04/target/surefire/surefirebooter2711649339849071875.jar"/>
    <property name="sun.management.compiler" value="HotSpot 64-Bit Tiered Compilers"/>
    <property name="ftp.nonProxyHosts" value="local|*.local|169.254/16|*.169.254/16"/>
    <property name="java.runtime.version" value="17.0.10+11-LTS-240"/>
    <property name="user.name" value="yongler"/>
    <property name="path.separator" value=":"/>
    <property name="os.version" value="14.1"/>
    <property name="java.runtime.name" value="Java(TM) SE Runtime Environment"/>
    <property name="file.encoding" value="UTF-8"/>
    <property name="java.vm.name" value="Java HotSpot(TM) 64-Bit Server VM"/>
    <property name="localRepository" value="/Users/yongler/.m2/repository"/>
    <property name="java.vendor.url.bug" value="https://bugreport.java.com/bugreport/"/>
    <property name="java.io.tmpdir" value="/var/folders/16/h_4wk9_x6sq3tsqqqsvnsnvm0000gn/T/"/>
    <property name="idea.version" value="2023.3.3"/>
    <property name="java.version" value="17.0.10"/>
    <property name="user.dir" value="/Users/yongler/IdeaProjects/cs4218-project-2024-team04"/>
    <property name="os.arch" value="aarch64"/>
    <property name="java.vm.specification.name" value="Java Virtual Machine Specification"/>
    <property name="native.encoding" value="UTF-8"/>
    <property name="java.library.path" value="/Users/yongler/Library/Java/Extensions:/Library/Java/Extensions:/Network/Library/Java/Extensions:/System/Library/Java/Extensions:/usr/lib/java:."/>
    <property name="java.vm.info" value="mixed mode, sharing"/>
    <property name="java.vendor" value="Oracle Corporation"/>
    <property name="java.vm.version" value="17.0.10+11-LTS-240"/>
    <property name="sun.io.unicode.encoding" value="UnicodeBig"/>
    <property name="socksNonProxyHosts" value="local|*.local|169.254/16|*.169.254/16"/>
    <property name="java.class.version" value="61.0"/>
  </properties>
  <testcase name="countFromStdin_noFlags_showLinesWordsBytes" classname="sg.edu.nus.comp.cs4218.impl.app.WcApplicationTest" time="0.005"/>
  <testcase name="countFromFiles_noFlags_showLinesWordsBytes" classname="sg.edu.nus.comp.cs4218.impl.app.WcApplicationTest" time="0"/>
  <testcase name="countFromFiles_twoFlags_showFlagsInSequence" classname="sg.edu.nus.comp.cs4218.impl.app.WcApplicationTest" time="0.001"/>
  <testcase name="countFromFiles_fileDoesNotExist_ThrowException" classname="sg.edu.nus.comp.cs4218.impl.app.WcApplicationTest" time="0.002">
    <failure message="Expected sg.edu.nus.comp.cs4218.exception.WcException to be thrown, but nothing was thrown." type="org.opentest4j.AssertionFailedError">org.opentest4j.AssertionFailedError: Expected sg.edu.nus.comp.cs4218.exception.WcException to be thrown, but nothing was thrown.
	at sg.edu.nus.comp.cs4218.impl.app.WcApplicationTest.countFromFiles_fileDoesNotExist_ThrowException(WcApplicationTest.java:125)
</failure>
  </testcase>
  <testcase name="run" classname="sg.edu.nus.comp.cs4218.impl.app.WcApplicationTest" time="0.001"/>
  <testcase name="countFromStdin_nullInput_ThrowException" classname="sg.edu.nus.comp.cs4218.impl.app.WcApplicationTest" time="0"/>
  <testcase name="countFromFileAndStdin" classname="sg.edu.nus.comp.cs4218.impl.app.WcApplicationTest" time="0">
    <skipped message="void sg.edu.nus.comp.cs4218.impl.app.WcApplicationTest.countFromFileAndStdin() is @Disabled"/>
  </testcase>
  <testcase name="countFromFiles_nullFileName_ThrowException" classname="sg.edu.nus.comp.cs4218.impl.app.WcApplicationTest" time="0"/>
  <testcase name="getCountReport_inputPresent_countArray" classname="sg.edu.nus.comp.cs4218.impl.app.WcApplicationTest" time="0.001"/>
  <testcase name="getCountReport_inputNull_throwException" classname="sg.edu.nus.comp.cs4218.impl.app.WcApplicationTest" time="0"/>
  <testcase name="countFromFiles_fileNoReadPermission_ThrowException" classname="sg.edu.nus.comp.cs4218.impl.app.WcApplicationTest" time="0.001">
    <error message="wc: fileWithNoReadPermissions.txt" type="sg.edu.nus.comp.cs4218.exception.WcException">sg.edu.nus.comp.cs4218.exception.WcException: wc: fileWithNoReadPermissions.txt
	at sg.edu.nus.comp.cs4218.impl.app.WcApplicationTest.countFromFiles_fileNoReadPermission_ThrowException(WcApplicationTest.java:154)
</error>
  </testcase>
  <testcase name="getCountReport_inputPresentButEmpty_countArrayWithZeroValues" classname="sg.edu.nus.comp.cs4218.impl.app.WcApplicationTest" time="0"/>
  <testcase name="countFromStdin_twoFlags_showFlagsInSequence" classname="sg.edu.nus.comp.cs4218.impl.app.WcApplicationTest" time="0.001"/>
  <testcase name="countFromFiles_fileNameIsDirectory_ThrowException" classname="sg.edu.nus.comp.cs4218.impl.app.WcApplicationTest" time="0">
    <failure message="Expected sg.edu.nus.comp.cs4218.exception.WcException to be thrown, but nothing was thrown." type="org.opentest4j.AssertionFailedError">org.opentest4j.AssertionFailedError: Expected sg.edu.nus.comp.cs4218.exception.WcException to be thrown, but nothing was thrown.
	at sg.edu.nus.comp.cs4218.impl.app.WcApplicationTest.countFromFiles_fileNameIsDirectory_ThrowException(WcApplicationTest.java:136)
</failure>
  </testcase>
</testsuite>